ERROR - 2023-12-18 02:50:53 --> Error connecting to the database: mysqli_sql_exception: Access denied for user ''@'localhost' (using password: NO) in C:\xampp\htdocs\tokobuku\vendor\codeigniter4\framework\system\Database\MySQLi\Connection.php:184
Stack trace:
#0 C:\xampp\htdocs\tokobuku\vendor\codeigniter4\framework\system\Database\MySQLi\Connection.php(184): mysqli->real_connect('localhost', '', Object(SensitiveParameterValue), '', 3306, '', 0)
#1 C:\xampp\htdocs\tokobuku\vendor\codeigniter4\framework\system\Database\BaseConnection.php(392): CodeIgniter\Database\MySQLi\Connection->connect(false)
#2 C:\xampp\htdocs\tokobuku\vendor\codeigniter4\framework\system\Database\Database.php(66): CodeIgniter\Database\BaseConnection->initialize()
#3 C:\xampp\htdocs\tokobuku\vendor\codeigniter4\framework\system\Database\Config.php(110): CodeIgniter\Database\Database->loadForge(Object(CodeIgniter\Database\MySQLi\Connection))
#4 C:\xampp\htdocs\tokobuku\vendor\codeigniter4\framework\system\Commands\Database\CreateDatabase.php(134): CodeIgniter\Database\Config::forge()
#5 C:\xampp\htdocs\tokobuku\vendor\codeigniter4\framework\system\CLI\Commands.php(65): CodeIgniter\Commands\Database\CreateDatabase->run(Array)
#6 C:\xampp\htdocs\tokobuku\vendor\codeigniter4\framework\system\CLI\Console.php(46): CodeIgniter\CLI\Commands->run('db:create', Array)
#7 C:\xampp\htdocs\tokobuku\spark(102): CodeIgniter\CLI\Console->run()
#8 {main}

Next CodeIgniter\Database\Exceptions\DatabaseException: Access denied for user ''@'localhost' (using password: NO) in C:\xampp\htdocs\tokobuku\vendor\codeigniter4\framework\system\Database\MySQLi\Connection.php:229
Stack trace:
#0 C:\xampp\htdocs\tokobuku\vendor\codeigniter4\framework\system\Database\BaseConnection.php(392): CodeIgniter\Database\MySQLi\Connection->connect(false)
#1 C:\xampp\htdocs\tokobuku\vendor\codeigniter4\framework\system\Database\Database.php(66): CodeIgniter\Database\BaseConnection->initialize()
#2 C:\xampp\htdocs\tokobuku\vendor\codeigniter4\framework\system\Database\Config.php(110): CodeIgniter\Database\Database->loadForge(Object(CodeIgniter\Database\MySQLi\Connection))
#3 C:\xampp\htdocs\tokobuku\vendor\codeigniter4\framework\system\Commands\Database\CreateDatabase.php(134): CodeIgniter\Database\Config::forge()
#4 C:\xampp\htdocs\tokobuku\vendor\codeigniter4\framework\system\CLI\Commands.php(65): CodeIgniter\Commands\Database\CreateDatabase->run(Array)
#5 C:\xampp\htdocs\tokobuku\vendor\codeigniter4\framework\system\CLI\Console.php(46): CodeIgniter\CLI\Commands->run('db:create', Array)
#6 C:\xampp\htdocs\tokobuku\spark(102): CodeIgniter\CLI\Console->run()
#7 {main}
CRITICAL - 2023-12-18 04:49:27 --> Undefined variable $data_book
in APPPATH\Views\book\index.php on line 30.
 1 APPPATH\Views\book\index.php(30): CodeIgniter\Debug\Exceptions->errorHandler(2, 'Undefined variable $data_book', 'C:\\xampp\\htdocs\\tokobuku\\app\\Views\\book\\index.php', 30)
 2 SYSTEMPATH\View\View.php(228): include('C:\\xampp\\htdocs\\tokobuku\\app\\Views\\book\\index.php')
 3 SYSTEMPATH\View\View.php(231): CodeIgniter\View\View->CodeIgniter\View\{closure}()
 4 SYSTEMPATH\Common.php(1190): CodeIgniter\View\View->render('book/index', [], true)
 5 APPPATH\Controllers\Book.php(16): view('book/index')
 6 SYSTEMPATH\CodeIgniter.php(942): App\Controllers\Book->index()
 7 SYSTEMPATH\CodeIgniter.php(502): CodeIgniter\CodeIgniter->runController(Object(App\Controllers\Book))
 8 SYSTEMPATH\CodeIgniter.php(361): CodeIgniter\CodeIgniter->handleRequest(null, Object(Config\Cache), false)
 9 FCPATH\index.php(79): CodeIgniter\CodeIgniter->run()
10 SYSTEMPATH\Commands\Server\rewrite.php(47): require_once('C:\\xampp\\htdocs\\tokobuku\\public\\index.php')
CRITICAL - 2023-12-18 04:52:02 --> Undefined variable $data_book
in APPPATH\Views\book\index.php on line 30.
 1 APPPATH\Views\book\index.php(30): CodeIgniter\Debug\Exceptions->errorHandler(2, 'Undefined variable $data_book', 'C:\\xampp\\htdocs\\tokobuku\\app\\Views\\book\\index.php', 30)
 2 SYSTEMPATH\View\View.php(228): include('C:\\xampp\\htdocs\\tokobuku\\app\\Views\\book\\index.php')
 3 SYSTEMPATH\View\View.php(231): CodeIgniter\View\View->CodeIgniter\View\{closure}()
 4 SYSTEMPATH\Common.php(1190): CodeIgniter\View\View->render('book/index', [], true)
 5 APPPATH\Controllers\Book.php(16): view('book/index')
 6 SYSTEMPATH\CodeIgniter.php(942): App\Controllers\Book->index()
 7 SYSTEMPATH\CodeIgniter.php(502): CodeIgniter\CodeIgniter->runController(Object(App\Controllers\Book))
 8 SYSTEMPATH\CodeIgniter.php(361): CodeIgniter\CodeIgniter->handleRequest(null, Object(Config\Cache), false)
 9 FCPATH\index.php(79): CodeIgniter\CodeIgniter->run()
10 SYSTEMPATH\Commands\Server\rewrite.php(47): require_once('C:\\xampp\\htdocs\\tokobuku\\public\\index.php')
CRITICAL - 2023-12-18 04:55:43 --> Undefined variable $data_book
in APPPATH\Views\book\index.php on line 31.
 1 APPPATH\Views\book\index.php(31): CodeIgniter\Debug\Exceptions->errorHandler(2, 'Undefined variable $data_book', 'C:\\xampp\\htdocs\\tokobuku\\app\\Views\\book\\index.php', 31)
 2 SYSTEMPATH\View\View.php(228): include('C:\\xampp\\htdocs\\tokobuku\\app\\Views\\book\\index.php')
 3 SYSTEMPATH\View\View.php(231): CodeIgniter\View\View->CodeIgniter\View\{closure}()
 4 SYSTEMPATH\Common.php(1190): CodeIgniter\View\View->render('book/index', [], true)
 5 APPPATH\Controllers\Book.php(16): view('book/index')
 6 SYSTEMPATH\CodeIgniter.php(942): App\Controllers\Book->index()
 7 SYSTEMPATH\CodeIgniter.php(502): CodeIgniter\CodeIgniter->runController(Object(App\Controllers\Book))
 8 SYSTEMPATH\CodeIgniter.php(361): CodeIgniter\CodeIgniter->handleRequest(null, Object(Config\Cache), false)
 9 FCPATH\index.php(79): CodeIgniter\CodeIgniter->run()
10 SYSTEMPATH\Commands\Server\rewrite.php(47): require_once('C:\\xampp\\htdocs\\tokobuku\\public\\index.php')
CRITICAL - 2023-12-18 04:56:58 --> Undefined variable $data_book
in APPPATH\Views\book\index.php on line 31.
 1 APPPATH\Views\book\index.php(31): CodeIgniter\Debug\Exceptions->errorHandler(2, 'Undefined variable $data_book', 'C:\\xampp\\htdocs\\tokobuku\\app\\Views\\book\\index.php', 31)
 2 SYSTEMPATH\View\View.php(228): include('C:\\xampp\\htdocs\\tokobuku\\app\\Views\\book\\index.php')
 3 SYSTEMPATH\View\View.php(231): CodeIgniter\View\View->CodeIgniter\View\{closure}()
 4 SYSTEMPATH\Common.php(1190): CodeIgniter\View\View->render('book/index', [], true)
 5 APPPATH\Controllers\Book.php(16): view('book/index')
 6 SYSTEMPATH\CodeIgniter.php(942): App\Controllers\Book->index()
 7 SYSTEMPATH\CodeIgniter.php(502): CodeIgniter\CodeIgniter->runController(Object(App\Controllers\Book))
 8 SYSTEMPATH\CodeIgniter.php(361): CodeIgniter\CodeIgniter->handleRequest(null, Object(Config\Cache), false)
 9 FCPATH\index.php(79): CodeIgniter\CodeIgniter->run()
10 SYSTEMPATH\Commands\Server\rewrite.php(47): require_once('C:\\xampp\\htdocs\\tokobuku\\public\\index.php')
CRITICAL - 2023-12-18 04:57:14 --> Undefined variable $data_book
in APPPATH\Views\book\index.php on line 31.
 1 APPPATH\Views\book\index.php(31): CodeIgniter\Debug\Exceptions->errorHandler(2, 'Undefined variable $data_book', 'C:\\xampp\\htdocs\\tokobuku\\app\\Views\\book\\index.php', 31)
 2 SYSTEMPATH\View\View.php(228): include('C:\\xampp\\htdocs\\tokobuku\\app\\Views\\book\\index.php')
 3 SYSTEMPATH\View\View.php(231): CodeIgniter\View\View->CodeIgniter\View\{closure}()
 4 SYSTEMPATH\Common.php(1190): CodeIgniter\View\View->render('book/index', [], true)
 5 APPPATH\Controllers\Book.php(16): view('book/index')
 6 SYSTEMPATH\CodeIgniter.php(942): App\Controllers\Book->index()
 7 SYSTEMPATH\CodeIgniter.php(502): CodeIgniter\CodeIgniter->runController(Object(App\Controllers\Book))
 8 SYSTEMPATH\CodeIgniter.php(361): CodeIgniter\CodeIgniter->handleRequest(null, Object(Config\Cache), false)
 9 FCPATH\index.php(79): CodeIgniter\CodeIgniter->run()
10 SYSTEMPATH\Commands\Server\rewrite.php(47): require_once('C:\\xampp\\htdocs\\tokobuku\\public\\index.php')
